2020-10-13 11:12:34.447  INFO 17184 --- [main] com.bitsoft.wepay.WepayApplicationTests  : Starting WepayApplicationTests on jameszhang-NB with PID 17184 (started by jameszhang in D:\projects\wepay)
2020-10-13 11:12:34.462  INFO 17184 --- [main] com.bitsoft.wepay.WepayApplicationTests  : No active profile set, falling back to default profiles: default
2020-10-13 11:12:36.127  INFO 17184 --- [main] o.s.s.concurrent.ThreadPoolTaskExecutor  : Initializing ExecutorService 'applicationTaskExecutor'
2020-10-13 11:12:36.458  INFO 17184 --- [main] com.bitsoft.wepay.WepayApplicationTests  : Started WepayApplicationTests in 2.47 seconds (JVM running for 4.539)
2020-10-13 11:12:36.710  INFO 17184 --- [main] com.bitsoft.wepay.WepayApplicationTests  : 开始发送测试报文
2020-10-13 11:12:36.729  INFO 17184 --- [SpringContextShutdownHook] o.s.s.concurrent.ThreadPoolTaskExecutor  : Shutting down ExecutorService 'applicationTaskExecutor'
2020-10-13 11:30:03.287  INFO 20708 --- [main] com.bitsoft.wepay.WepayApplicationTests  : Starting WepayApplicationTests on jameszhang-NB with PID 20708 (started by jameszhang in D:\projects\wepay)
2020-10-13 11:30:03.290  INFO 20708 --- [main] com.bitsoft.wepay.WepayApplicationTests  : No active profile set, falling back to default profiles: default
2020-10-13 11:30:05.108  INFO 20708 --- [main] o.s.s.concurrent.ThreadPoolTaskExecutor  : Initializing ExecutorService 'applicationTaskExecutor'
2020-10-13 11:30:05.523  INFO 20708 --- [main] com.bitsoft.wepay.WepayApplicationTests  : Started WepayApplicationTests in 2.947 seconds (JVM running for 5.599)
2020-10-13 11:30:05.787  INFO 20708 --- [main] com.bitsoft.wepay.WepayApplicationTests  : 开始发送测试报文
2020-10-13 11:30:06.851  INFO 20708 --- [main] com.bitsoft.wepay.HttpsUtil              : status:400
2020-10-13 11:30:06.858  INFO 20708 --- [main] com.bitsoft.wepay.HttpsUtil              : 微信代金券接口https://sme.test.webank.com/pmc-front/cashCoupon/useEventNotify.json返回:<!DOCTYPE html>
<html lang="en">
<head>
    <meta charset="utf-8">
    <meta name="viewport" content="initial-scale=1, maximum-scale=1, user-scalable=no, width=device-width">
    <title>出错了</title>
    <style>
        .cont{
            padding: 30px 10px;
            text-align: center;
            color: #888f9b ;
            font-size: 16px;
        }
        .error {
            background: url('data:img/jpg;base64,iVBORw0KGgoAAAANSUhEUgAAAHgAAAB4CAYAAAA5ZDbSAAAAGXRFWHRTb2Z0d2FyZQBBZG9iZSBJ bWFnZVJlYWR5ccllPAAAA2ZpVFh0WE1MOmNvbS5hZG9iZS54bXAAAAAAADw/eHBhY2tldCBiZWdp bj0i77u/IiBpZD0iVzVNME1wQ2VoaUh6cmVTek5UY3prYzlkIj8+IDx4OnhtcG1ldGEgeG1sbnM6 eD0iYWRvYmU6bnM6bWV0YS8iIHg6eG1wdGs9IkFkb2JlIFhNUCBDb3JlIDUuMy1jMDExIDY2LjE0 NTY2MSwgMjAxMi8wMi8wNi0xNDo1NjoyNyAgICAgICAgIj4gPHJkZjpSREYgeG1sbnM6cmRmPSJo dHRwOi8vd3d3LnczLm9yZy8xOTk5LzAyLzIyLXJkZi1zeW50YXgtbnMjIj4gPHJkZjpEZXNjcmlw dGlvbiByZGY6YWJvdXQ9IiIgeG1sbnM6eG1wTU09Imh0dHA6Ly9ucy5hZG9iZS5jb20veGFwLzEu MC9tbS8iIHhtbG5zOnN0UmVmPSJodHRwOi8vbnMuYWRvYmUuY29tL3hhcC8xLjAvc1R5cGUvUmVz b3VyY2VSZWYjIiB4bWxuczp4bXA9Imh0dHA6Ly9ucy5hZG9iZS5jb20veGFwLzEuMC8iIHhtcE1N Ok9yaWdpbmFsRG9jdW1lbnRJRD0ieG1wLmRpZDoxNTU4ODMyMTczMTdFNzExQUEyQzk0MTBEMUE0 QkExMiIgeG1wTU06RG9jdW1lbnRJRD0ieG1wLmRpZDpDQTg5OTg5QzIzRjYxMUU3OERBQThGQUEw QjQ3RDZEOCIgeG1wTU06SW5zdGFuY2VJRD0ieG1wLmlpZDpDQTg5OTg5QjIzRjYxMUU3OERBQThG QUEwQjQ3RDZEOCIgeG1wOkNyZWF0b3JUb29sPSJBZG9iZSBQaG90b3Nob3AgQ1M2IChXaW5kb3dz KSI+IDx4bXBNTTpEZXJpdmVkRnJvbSBzdFJlZjppbnN0YW5jZUlEPSJ4bXAuaWlkOkI2MkI5MUIy RUEyM0U3MTFCMUIyODM1QUM5MzhCOTRDIiBzdFJlZjpkb2N1bWVudElEPSJ4bXAuZGlkOjE1NTg4 MzIxNzMxN0U3MTFBQTJDOTQxMEQxQTRCQTEyIi8+IDwvcmRmOkRlc2NyaXB0aW9uPiA8L3JkZjpS REY+IDwveDp4bXBtZXRhPiA8P3hwYWNrZXQgZW5kPSJyIj8+zQ9JlwAAERpJREFUeNrsXQmUFcUV fTMgDMwgINGjAQUGAxKOxCWRKJtLXOKGwQViElnELe6ZRFCMQaMoUdGImoACisG4IoJ7kLgmwcSo GEZFGDEY3FAUBmFUmNT133/sqa7623T/rv7T75x3ht/d/N/1blfV27ts/bTRklBpUoezZkt5IobS ptYlMo72ivsp7qu4p+Ieirsq3l5xF8VVHGsHXr9B8ZeK6xV/pPhDxWsUv0V+TfEyxZ8lAEdDAHOg 4v0U76t4V8X5rEZpoDsr3tlyzVbFKxT/XfHfFD9P0BOAQ6C2ig9RfLTiwxR3K8Jv4oHpTR7FY+8o fkzxAsVPKG5IAC6cyhQfQOEC2E4O3BMerHHkTxQ/qHiO4r8qbkwAzo22owBPVdwrx/+zRXGd4lcU r1S8SvF/ubeCP+Weu8GzRGPsHblPg3fh3o3f/I7iasWtMvxmJz58o/ibMxTfqvjjBGAzdVdco3is 4sos10L5eVrxM9wbX8xTIUoDvY4Pg01x25v7/FBye8u1eCimKL5E8SzF1yp+24ll0AE7GNruRZy1 bTJc957i+xQvJLCbi3yfFYqHKD5G8QiuNDb6nLN5suL/tVQ7GLP0csVvKv65BVwoMXMV/4D739lU bjZHcL+b+du4128qHs49+AvDtW143ZscY1VUQo4K4GMV1yqeqLid4Txs0gkU5E8VP8l91hXCg/cA Z/OOvNc1huvacYywq49rCQBjOZ7PpXYXw/k67sE9uac5pbBY6GPeK+55NMdg0r7v5di7lirAeIJf VTzMcO5das27KZ7NPSxuhHu+nWM4lWPSaRhlcHwpAQzNcyaf4M4GoVxJZ8Itlv0sbvQFx9KbSpb+ sEIG91Am7eMOcDXNmLGGc3D/7UkNul5Kj+q5/+7Jseo0lrKpjivAgxT/S/EeBgUF9u5gKlqlTrUc a434XZt7UEaD4gbw0TQp9CUZ2uQ+iqdKypnfUmgrx7wPZaAv2U9QZrEA+GTF8wzmzz0c4FJpubSU MrjHYE7No+ycBngiFQyvDxdO+AsVjyzRvbaQvXkkZeINULSi7Ca6CvAkem3KPMc2czBXiaPRloio kTIZIU29cmWU4W9cA7jGcFNw6P/QsBwl9DXdSxltMEyWGlcA/oniq7VjCM8hQP9UgmFWgowOllR8 2UtXU7aRAnygpMJjZdrMPVTxPxLscqYlkspU2aAt17Mo40gAhoEOn7I3CrSJ6v6SBLOCQIbsvHHt NpRxdbEBhovtfs3OheJwSrIsN3u5PkVTSDtT1u2LCfA08Xuo4HKcm2DUbLqTsvQSZH1jsQBGVGis QRuckmATGE2hTL00RgqIQuULMGKZM7RjrxHwxM4N1k4GoLqvfrrkGU/OF+CbtH23QRIPVVi0UfGP pWmAojMxCAVgLA/DDPvu0gSL0GipYT8els9SnSvA0OCmascQ47w+wSB0ul788eTrctWqcwUYSWXd tKUZ6vzWRP6h01bKukHThSYEBTC+rMbwBNUmsi8a1VLmXvplLgpXLgBfpC0HSEC/MuAB9FH8rKQ8 YYslVUISV6oM6XsnU/ZpamfYn/MGGOUk47RjKM9YH+CNw+eKaj2kraB64ACC3C1mwO4vqTKYeipH /QL+/g2UvZfGZZsM2QDG0uz1NSPn97aAbxzJ7b21Y8gxRsXeTjEB93DFj3JCgHaXVPA+aEJK8UrP Z2Dzi0IB7kRj20sIRged2vq+4g8Mx1HU/RdJVf65TChheYCrj5f2CuG3viQGXhoj/ty3nAA+TZrW 1KA0Y25IN42bNCW79yPInR0F90TFd4u5ruqfIf0mfNWrPZ+riFVeAJcZ9t7rJLyKg0ckFdw21R+h VhdV9R0dAxfuWRR/m0pwVxtWv6AIGNxg2IvL8gH4QC6RaULe0KyQBYa45ygLyMhEfFiKUAmQI6Fy EOWhpgJxNHFBLfGKEH9/ljTN5eollsQAG8A/0z4jpbMYhWBzudyYAhdourLQAZCheN5omTHLCe5b Id8DsLg/C2ZWgNHw5Bjt2MwiChC/da4F5AM5sDYRgYuU1mss4NYS3NVFuhd9RT2G2GUF+FBtv4Nx /XSRBYmEgl9Zzh1GxWabIt/TZIMGm6aXCO57Rbyfp7Tf60jssgJ8lPb5fomm+Bp9Lmz5wXha/ySZ m6QE6YhBoOVCy3nkUh2keG2R5QMf9b1ZsDMCfIj2eUGE+91lkkoQN9EJXM7LQgb3ZsXnW84/S3mt i0g+Cw2rb0aAvy1NK+/rI1iedcLMsYUloXVPDwlkrA7wHJ1uOb+I28X6CGXzjDRNtthZNBepDvBg wxe40M0N7rgZlnOniD/S0lxqzS1glOX8w1wOo+5l2WCYgEMzATzQsAS5QI2cSbdbzkPrDirC1YZ7 20jLeZiMwyWaTj8mek77vG8mgL+vfX5e3CGAfDI1aBNNkOYXbSEEN99gJqbpTu79LvUQ0bM9BtgA rpSmrQOhOb8obtEWGvTzLecnSSoQXghh/A9JqhjMZp+fJG61cxJi5L2nXuKJSXsB7qd9XiFu9ktG NAtll49ZzqNo65w8v7Mjv89WB3QT9/otDspjozR1i5Z7Fa1yTYP20qviLmGJRDO1xZbz0LrH5fhd aEmIiNWgDA/M2eJ23verBmvIB7De2XWFuE2fUZN93mK//pFLaiZCrBld9L5nOf9bxReI+0n9Ola9 TAB31y5aJe4TQD5CzLFX2LHw19pyiHeiibFHBvv7EokH6Vh1NwGsp8e8HZPBfUqHwysWkGHP6h1s diG4fS3a+nli96C5SG8bHl4fwF20i9bGaIAIn6FKvjaDXZt241UT3G8ZroV/9wzFv5d40VqDXuED WM99+ihmg/yQIK+wgDyPihe8cz0sJhiyMKZL/GitQbfwAdzBMCviRmto6pj0ByQKINOxq8X0QsrQ HIkn6cGObU0AlxuWqzgSAu5oIP5OHiYXFLG7Jb60xaB7ZJ3BG2I84JUE+YMctHBU6z0o8Sa9fLfK NmtLid7IwcxBlOqxEpZBE4D1Gdsh5mOD1jw1yzV4AHYtARyrbDO6PMOeG+fZDbt3gWTPwETZzGLx O3niRq1se3KmGbxdTAeLcJ7evysTIQsC7spuMQZYr/xYbwL4Q+2iLjEcKEKJiNmaMi7fpRPDlKEC 3y1ScHaIKcBdDD4BH8C6Y+MbMRskXoRxm5gzLfGaO6SyIABxnJgD9n0I8vYxBHh7mw+jXHvCvRSn fekcgmfSG+oI7pv8jKD+iWKO7e4ubtZBZaPuhtXKB7DusO4Rk8GNl5Tv2JRZ+bqkXke3SjuOXG9b HdReBHnbGAHcw7Bi+QBeqV0UB/PhUrFHfRAE31/s7w6cy2XdFOtFbpoLdVC5ko7VChPAtYblymX6 XQZHxr8l1Qri/SzfMYvLuwlkzHzkfrWNAcA6VrUmgJdptjCeinYODgZLMar7bLVLeCX7QZJ7NCzT dx0s0Ra75UKV2gzeKp5X0XsB3qgt09BGv+ugQY8E+DMt5xHnhQfrkzy/99oMq8ERNL1aOQrwXtq9 rSSWPoBBepf2gY6Bi8R3WzId3j10uBQeJEH+1WTLOST4zXEU5P20z02asesA6wlsgxwZBJZIhPNs 7zCAQqR3Sy+EUP9rK4M5katHmWMAD8o0SXWA9VKVoQ4oGRXcB4+1nL+PzougaqhqaFObCH05pjkE cltaCl56KhPAtV4bSlJRiqERDgBmCoIGR1rOI6EONURBlpJAo0YPjtmW89j/r3EE4CHSNJK02qtg icXz84T2+ciIbr4DHQ4HW84j/Wa0hFNtkH7/xF2W84gjX+YAwHrB9+P6BeWW/cxLx0vxQ4dowoZq g8EZTJvTJNxSknQd1DzL+V8rvjhCcMvFn/O9MBeA8RR86vm8o2GdD5MQ5ECMdkAGB0exSknQpA1d 1x/JoHmfHxHA+xObNK3PdQY3iL96b2yRbnpHKgl7Ws5jWRxfZEF+TiXuyQw29BkRAKxjMt+kaNqW 3jsMdmDYCQA7E1xbl9Yg6n8LpfQLv0wF8dCoUX04poj3AyyGa8fm2NZxEy2Wpl6tipBncQ9JeaH6 WBQeVPBH/dqedLHbEgvIt4i9K0AYs9frRq4TS6VleQYt8lbt2HkSjk8WflRUG/Q0nINfFa0bbnDE LEnXQb1kOJeugxpeBKfP2QaLojEfgIXGvjfftiu9OUHTbC7PJi0WZtAMcYvg54a/+z8WkP8s/lZU QRIw0DshTc+kamcayGyDadA64Bs2actfcCB3iJuUroNabplht0s4fuvWBtMMGK0rBGDQVGnqJaoO QZl42aK1uv5iabQRPIj7n8ka6BTCb0L2vTRZTc1mLGeiVYa9GKZKVcA3/Qb/jeIxhOcWSDwI9U+m OijUKgddnVklfu/ZTMlSqJ+Lh2oyzQTv0zkxwBuH73Q3SeX2Ym9ZJPEitA4eQhMKMwp9q04I4Xcu 0hwb6NN1Rbb/lAvAyGnSnevw3vQNQXnZIvGkNMiI7gy27M3NIchaf/nG1WLPN8sLYNBV2pe1pWpe ysVrrlA5Zd1Wm3RTcv3PuRr5us8V2R7nJPIPnc4Vf2YNsNgYJMAg9Ll40DCz+ycYhEaQrd6Dc4H4 +0QHAjDoTM3makvDvjLBInCqpGy9S/M6sSccBgIw1n79HT3oqob84rIEk0Bplvi7D54uubemKAjg 9FKte7hgFoxPMAmMJhhMLcg8b+dPoVrwWeJvPAZ7eWSCTbPpBPGn775CmUuxAIZWPVzbj7FEw7My NMGoYBrKmVqm7bvDpcCU4ObYsfDB6rW26SzIAQlWedMA8bedSPvl65pjRDeHEGRG8Nkbi0TZJbIh 90kwy5kgq0elaclqI2W7uLlekuYSyjAv0I4hkrIoWa5zoiGUld5n4wIJ4G2vQbka4au+VDuWzms+ LsHQSpDN4+JvWXWpBJRcH6QveZKkgtHe5bqCqv34xE720XjKpkJbli+mLMU1gEEIX+nvNgCwcGnC K1OV4PqVDO6iTLwP/RbK7oogfyyMaNBMqvWbtON4kQYyEluy77o/ZTBCO76JMgv8La9hhfug7pve 6QfX2wuSytBsSaHGco55ifjdj+soqwVh/XBYhMwGdAjQc67gPEcNLlJl+7YAcDHGpznmCu3cy5TR c2E+WWESDHTEMk2lmAM5wMtLdG+u4tgwRlMh/W2UQV3YS0fY9BkN9hGGJRsppsjvWk4Fo3UJANua Y1nOsbUxLMmQxRgpwovHirkPwiTY3bLX4C0hSHBHdiUalG0TQ2C34b2/zrHsZNFN+ksRU4KLregg nowO66hrXWM4X82lq452Yhw63m7He13Je+9luOZdzlqM/Z1i3lxUmiz6avShzbfJcL4b7UQ8BKj3 QYK5Sx1uoCj+SFIlm+/xXk3lN5s4xt4SUSJ/lKZKPb02GPwfxNxnA4JEZ51FfPKn0aSoiOB+K/jb N/PBm8cZadpOPueYenOM9VEJuWz9tNGuzAp0TK2hQpYtxwvKCQqy0fYJ7899MQSFBWG7vSXVhwra 7gE5aPvIdESqDcpJVkUt0A5nzXZKa0W3W6ThTpJUk9Bxlv0sLfyj5OsmJHDzoQHnUv6FcNFxBm9d wUuj0N6gwfMQtOfqgPAcWkbswCW2h6TKWfvzb67bAvbfW6lcOfW+KRfNko+5pyGxGy+5OolLYaYe zq24p/cp4n2iVhhpxKisR8zWyTeUumx3NnIZfpKzDYXXR/JvVO9XgB6AEOhD/NsgjlNcHAsNnC3p xHv08RjMvXEAl/KgFcatXHqXcK9HcdmyOHpd4kjLyOmWg5UEHX7fnuRu3Fs7e/bc9h4lLb0nr+Ne jdn5FrmWvFFiTqXgGkxrry+QE/KaSY2NjYkUSpj+L8AAKMN/CkBB9D8AAAAASUVORK5CYII= ') no-repeat center;
            width: 120px;
            height: 120px;
            background-size: 50%;
            margin: auto;
        }
    </style>
</head>
<body>
    <div class="cont">
        <div class="error"></div>
        <p>错误请求，请检查您的请求链接！</p>
    </div>
</body>
</html>
2020-10-13 11:30:06.930  INFO 20708 --- [SpringContextShutdownHook] o.s.s.concurrent.ThreadPoolTaskExecutor  : Shutting down ExecutorService 'applicationTaskExecutor'
2020-10-13 12:48:31.468  INFO 18584 --- [main] com.bitsoft.wepay.WepayApplicationTests  : Starting WepayApplicationTests on jameszhang-NB with PID 18584 (started by jameszhang in D:\projects\wepay)
2020-10-13 12:48:31.470  INFO 18584 --- [main] com.bitsoft.wepay.WepayApplicationTests  : No active profile set, falling back to default profiles: default
2020-10-13 12:48:32.938  INFO 18584 --- [main] o.s.s.concurrent.ThreadPoolTaskExecutor  : Initializing ExecutorService 'applicationTaskExecutor'
2020-10-13 12:48:33.251  INFO 18584 --- [main] com.bitsoft.wepay.WepayApplicationTests  : Started WepayApplicationTests in 2.315 seconds (JVM running for 4.721)
2020-10-13 12:48:33.513  INFO 18584 --- [main] com.bitsoft.wepay.WepayApplicationTests  : 开始发送测试报文
2020-10-13 12:48:33.567  INFO 18584 --- [main] com.bitsoft.wepay.WepayApplicationTests  : data:{
  "id" : "8b213d38-0654-5e3c-8133-abaffa2d68d9",
  "create_time" : "2020-10-10T21:13:08+08:00",
  "event_type" : "COUPON.USE",
  "resource_type" : "encrypt-resource",
  "summary" : "\\344\\273\\243\\351\\207\\221\\345\\210\\270\\346\\240\\270\\351\\224\\200\\351\\200\\232\\347\\237\\245\\",
  "resource" : {
    "algorithm" : "AEAD_AES_256_GCM",
    "ciphertext" : "hnO6hIZQ23rKHZhAH3SU46de5HvHSIN55o2bLaIWOlZEJMT8Ev5RJPVdMFtQDG/OLxxjZmIO3bKlptF17nel9Ztx5sh/mvM3DMGRcJi/z4hrUQw+uFBhwiUlZOov0sc8iTwGurPaVF+5XGuoTACFpjU57IraOTf5OZtCwypjcROnM/lg1mjWwtH4B40UBIUHeCXDEuXqBXsNYrT9NxLBXggncIDFEILo8EFtxpfNmFmDSGbF11xuwnKBgxaLf8KHcHJsJAmImlKsjcFJIm3r8qI6g/293FD6YpXqgBvtE4zEVDVu26qlz/HuB+urYmSc8FdCZbXtKvT4Zwk7rJAow/drvRASk94bYCRyX5PoNZAjZzoCyWQyRU+nmJj41wxyZZBUl+DAe/YQ4BMatcMromz+5b8qPrUXCjpWwlhd6lBPIberolH6wXXjUP/4MXmBwYCdGyO3V1GJsbLRmS3+FW48EkO6fOijZr2FMradeG4NmpbXc6KoodHB7UHKaV+Uy01c8TloqbFlwTexMqyEnwiuo10rba6Xm3jrN1hg22YmGRP+jtI9iTRoUYiLv7FjQlbIYqS7D0RgNGs2eVUK8+8SBwpZ1irSyptD9EtYqQJWIJp9aqNLrzDf/PWidGfO+Gv+P+XZ67CAxQ9c+I8pNFjbaGR6ecT3rHhuht/gTVhpkWGcCM02N5CQ9+e4+JsKjN0+kxt7XZadEjopmubz7QLQti++C92kRrD+KmWvnjTE6BSzxZTbxGHJ8cjnKyZvERv3nN7zWiZFst2XCtDS",
    "associated_data" : "coupon",
    "nonce" : "lj2xCofleb24",
    "original_type" : "coupon"
  }
}
2020-10-13 12:48:34.677  INFO 18584 --- [main] com.bitsoft.wepay.HttpsUtil              : status:200
2020-10-13 12:48:34.678  INFO 18584 --- [main] com.bitsoft.wepay.HttpsUtil              : 微信代金券接口https://sme.test.webank.com/pmc-front/cashCoupon/useEventNotify.json返回:{"code":"27024988","message":"sysErrCode=27024988,sysErrMsg=服务提供方系统异常：null"}
2020-10-13 12:48:34.697  INFO 18584 --- [SpringContextShutdownHook] o.s.s.concurrent.ThreadPoolTaskExecutor  : Shutting down ExecutorService 'applicationTaskExecutor'
2020-10-13 12:53:44.080  INFO 26232 --- [main] com.bitsoft.wepay.WepayApplicationTests  : Starting WepayApplicationTests on jameszhang-NB with PID 26232 (started by jameszhang in D:\projects\wepay)
2020-10-13 12:53:44.082  INFO 26232 --- [main] com.bitsoft.wepay.WepayApplicationTests  : No active profile set, falling back to default profiles: default
2020-10-13 12:53:45.509  INFO 26232 --- [main] o.s.s.concurrent.ThreadPoolTaskExecutor  : Initializing ExecutorService 'applicationTaskExecutor'
2020-10-13 12:53:45.787  INFO 26232 --- [main] com.bitsoft.wepay.WepayApplicationTests  : Started WepayApplicationTests in 2.234 seconds (JVM running for 4.433)
2020-10-13 12:53:46.000  INFO 26232 --- [main] com.bitsoft.wepay.WepayApplicationTests  : 开始发送测试报文
2020-10-13 12:53:46.049  INFO 26232 --- [main] com.bitsoft.wepay.WepayApplicationTests  : data:{
  "id" : "8b213d38-0654-5e3c-8133-abaffa2d68d9",
  "create_time" : "2020-10-10T21:13:08+08:00",
  "event_type" : "COUPON.USE",
  "resource_type" : "encrypt-resource",
  "summary" : "\\344\\273\\243\\351\\207\\221\\345\\210\\270\\346\\240\\270\\351\\224\\200\\351\\200\\232\\347\\237\\245\\",
  "resource" : {
    "algorithm" : "AEAD_AES_256_GCM",
    "ciphertext" : "hnO6hIZQ23rKHZhAH3SU46de5HvHSIN55o2bLaIWOlZEJMT8Ev5RJPVdMFtQDG/OLxxjZmIO3bKlptF17nel9Ztx5sh/mvM3DMGRcJi/z4hrUQw+uFBhwiUlZOov0sc8iTwGurPaVF+5XGuoTACFpjU57IraOTf5OZtCwypjcROnM/lg1mjWwtH4B40UBIUHeCXDEuXqBXsNYrT9NxLBXggncIDFEILo8EFtxpfNmFmDSGbF11xuwnKBgxaLf8KHcHJsJAmImlKsjcFJIm3r8qI6g/293FD6YpXqgBvtE4zEVDVu26qlz/HuB+urYmSc8FdCZbXtKvT4Zwk7rJAow/drvRASk94bYCRyX5PoNZAjZzoCyWQyRU+nmJj41wxyZZBUl+DAe/YQ4BMatcMromz+5b8qPrUXCjpWwlhd6lBPIberolH6wXXjUP/4MXmBwYCdGyO3V1GJsbLRmS3+FW48EkO6fOijZr2FMradeG4NmpbXc6KoodHB7UHKaV+Uy01c8TloqbFlwTexMqyEnwiuo10rba6Xm3jrN1hg22YmGRP+jtI9iTRoUYiLv7FjQlbIYqS7D0RgNGs2eVUK8+8SBwpZ1irSyptD9EtYqQJWIJp9aqNLrzDf/PWidGfO+Gv+P+XZ67CAxQ9c+I8pNFjbaGR6ecT3rHhuht/gTVhpkWGcCM02N5CQ9+e4+JsKjN0+kxt7XZadEjopmubz7QLQti++C92kRrD+KmWvnjTE6BSzxZTbxGHJ8cjnKyZvERv3nN7zWiZFst2XCtDS",
    "associated_data" : "coupon",
    "nonce" : "lj2xCofleb24",
    "original_type" : "coupon"
  }
}
2020-10-13 12:53:47.053  INFO 26232 --- [main] com.bitsoft.wepay.HttpsUtil              : status:200
2020-10-13 12:53:47.054  INFO 26232 --- [main] com.bitsoft.wepay.HttpsUtil              : 微信代金券接口https://sme.test.webank.com/pmc-front/cashCoupon/useEventNotify.json返回:{"code":"FAIL","message":"验签失败"}
2020-10-13 12:53:47.078  INFO 26232 --- [SpringContextShutdownHook] o.s.s.concurrent.ThreadPoolTaskExecutor  : Shutting down ExecutorService 'applicationTaskExecutor'
2020-10-13 13:07:46.590  INFO 20532 --- [main] com.bitsoft.wepay.WepayApplicationTests  : Starting WepayApplicationTests on jameszhang-NB with PID 20532 (started by jameszhang in D:\projects\wepay)
2020-10-13 13:07:46.592  INFO 20532 --- [main] com.bitsoft.wepay.WepayApplicationTests  : No active profile set, falling back to default profiles: default
2020-10-13 13:07:47.910  INFO 20532 --- [main] o.s.s.concurrent.ThreadPoolTaskExecutor  : Initializing ExecutorService 'applicationTaskExecutor'
2020-10-13 13:07:48.220  INFO 20532 --- [main] com.bitsoft.wepay.WepayApplicationTests  : Started WepayApplicationTests in 2.206 seconds (JVM running for 4.702)
2020-10-13 13:07:48.429  INFO 20532 --- [main] com.bitsoft.wepay.WepayApplicationTests  : 开始发送测试报文
2020-10-13 13:07:48.483  INFO 20532 --- [main] com.bitsoft.wepay.WepayApplicationTests  : data:{
  "id" : "8b213d38-0654-5e3c-8133-abaffa2d68d9",
  "create_time" : "2020-10-10T21:13:08+08:00",
  "event_type" : "COUPON.USE",
  "resource_type" : "encrypt-resource",
  "summary" : "\\344\\273\\243\\351\\207\\221\\345\\210\\270\\346\\240\\270\\351\\224\\200\\351\\200\\232\\347\\237\\245\\",
  "resource" : {
    "algorithm" : "AEAD_AES_256_GCM",
    "ciphertext" : "hnO6hIZQ23rKHZhAH3SU46de5HvHSIN55o2bLaIWOlZEJMT8Ev5RJPVdMFtQDG/OLxxjZmIO3bKlptF17nel9Ztx5sh/mvM3DMGRcJi/z4hrUQw+uFBhwiUlZOov0sc8iTwGurPaVF+5XGuoTACFpjU57IraOTf5OZtCwypjcROnM/lg1mjWwtH4B40UBIUHeCXDEuXqBXsNYrT9NxLBXggncIDFEILo8EFtxpfNmFmDSGbF11xuwnKBgxaLf8KHcHJsJAmImlKsjcFJIm3r8qI6g/293FD6YpXqgBvtE4zEVDVu26qlz/HuB+urYmSc8FdCZbXtKvT4Zwk7rJAow/drvRASk94bYCRyX5PoNZAjZzoCyWQyRU+nmJj41wxyZZBUl+DAe/YQ4BMatcMromz+5b8qPrUXCjpWwlhd6lBPIberolH6wXXjUP/4MXmBwYCdGyO3V1GJsbLRmS3+FW48EkO6fOijZr2FMradeG4NmpbXc6KoodHB7UHKaV+Uy01c8TloqbFlwTexMqyEnwiuo10rba6Xm3jrN1hg22YmGRP+jtI9iTRoUYiLv7FjQlbIYqS7D0RgNGs2eVUK8+8SBwpZ1irSyptD9EtYqQJWIJp9aqNLrzDf/PWidGfO+Gv+P+XZ67CAxQ9c+I8pNFjbaGR6ecT3rHhuht/gTVhpkWGcCM02N5CQ9+e4+JsKjN0+kxt7XZadEjopmubz7QLQti++C92kRrD+KmWvnjTE6BSzxZTbxGHJ8cjnKyZvERv3nN7zWiZFst2XCtDS",
    "associated_data" : "coupon",
    "nonce" : "lj2xCofleb24",
    "original_type" : "coupon"
  }
}
2020-10-13 13:07:49.593  INFO 20532 --- [main] com.bitsoft.wepay.HttpsUtil              : status:200
2020-10-13 13:07:49.595  INFO 20532 --- [main] com.bitsoft.wepay.HttpsUtil              : 微信代金券接口https://sme.test.webank.com/pmc-front/cashCoupon/useEventNotify.json返回:{"code":"FAIL","message":"验签失败"}
2020-10-13 13:07:49.612  INFO 20532 --- [SpringContextShutdownHook] o.s.s.concurrent.ThreadPoolTaskExecutor  : Shutting down ExecutorService 'applicationTaskExecutor'
2020-10-13 14:13:10.021  INFO 24928 --- [main] com.bitsoft.wepay.WepayApplicationTests  : Starting WepayApplicationTests on jameszhang-NB with PID 24928 (started by jameszhang in D:\projects\wepay)
2020-10-13 14:13:10.036  INFO 24928 --- [main] com.bitsoft.wepay.WepayApplicationTests  : No active profile set, falling back to default profiles: default
2020-10-13 14:13:11.693  INFO 24928 --- [main] o.s.s.concurrent.ThreadPoolTaskExecutor  : Initializing ExecutorService 'applicationTaskExecutor'
2020-10-13 14:13:12.005  INFO 24928 --- [main] com.bitsoft.wepay.WepayApplicationTests  : Started WepayApplicationTests in 2.582 seconds (JVM running for 5.09)
2020-10-13 14:13:12.255  INFO 24928 --- [main] com.bitsoft.wepay.WepayApplicationTests  : 开始发送测试报文
2020-10-13 14:13:12.318  INFO 24928 --- [main] com.bitsoft.wepay.WepayApplicationTests  : data:{
  "id" : "8b213d38-0654-5e3c-8133-abaffa2d68d9",
  "create_time" : "2020-10-10T21:13:08+08:00",
  "event_type" : "COUPON.USE",
  "resource_type" : "encrypt-resource",
  "summary" : "\\344\\273\\243\\351\\207\\221\\345\\210\\270\\346\\240\\270\\351\\224\\200\\351\\200\\232\\347\\237\\245\\",
  "resource" : {
    "algorithm" : "AEAD_AES_256_GCM",
    "ciphertext" : "hnO6hIZQ23rKHZhAH3SU46de5HvHSIN55o2bLaIWOlZEJMT8Ev5RJPVdMFtQDG/OLxxjZmIO3bKlptF17nel9Ztx5sh/mvM3DMGRcJi/z4hrUQw+uFBhwiUlZOov0sc8iTwGurPaVF+5XGuoTACFpjU57IraOTf5OZtCwypjcROnM/lg1mjWwtH4B40UBIUHeCXDEuXqBXsNYrT9NxLBXggncIDFEILo8EFtxpfNmFmDSGbF11xuwnKBgxaLf8KHcHJsJAmImlKsjcFJIm3r8qI6g/293FD6YpXqgBvtE4zEVDVu26qlz/HuB+urYmSc8FdCZbXtKvT4Zwk7rJAow/drvRASk94bYCRyX5PoNZAjZzoCyWQyRU+nmJj41wxyZZBUl+DAe/YQ4BMatcMromz+5b8qPrUXCjpWwlhd6lBPIberolH6wXXjUP/4MXmBwYCdGyO3V1GJsbLRmS3+FW48EkO6fOijZr2FMradeG4NmpbXc6KoodHB7UHKaV+Uy01c8TloqbFlwTexMqyEnwiuo10rba6Xm3jrN1hg22YmGRP+jtI9iTRoUYiLv7FjQlbIYqS7D0RgNGs2eVUK8+8SBwpZ1irSyptD9EtYqQJWIJp9aqNLrzDf/PWidGfO+Gv+P+XZ67CAxQ9c+I8pNFjbaGR6ecT3rHhuht/gTVhpkWGcCM02N5CQ9+e4+JsKjN0+kxt7XZadEjopmubz7QLQti++C92kRrD+KmWvnjTE6BSzxZTbxGHJ8cjnKyZvERv3nN7zWiZFst2XCtDS",
    "associated_data" : "coupon",
    "nonce" : "lj2xCofleb24",
    "original_type" : "coupon"
  }
}
2020-10-13 14:13:13.743  INFO 24928 --- [main] com.bitsoft.wepay.HttpsUtil              : status:200
2020-10-13 14:13:13.743  INFO 24928 --- [main] com.bitsoft.wepay.HttpsUtil              : 微信代金券接口https://sme.test.webank.com/pmc-front/cashCoupon/useEventNotify.json返回:{"code":"FAIL","message":"验签失败"}
2020-10-13 14:13:13.774  INFO 24928 --- [SpringContextShutdownHook] o.s.s.concurrent.ThreadPoolTaskExecutor  : Shutting down ExecutorService 'applicationTaskExecutor'
